1124 INFO: PyInstaller: 6.21.0, contrib hooks: 2026.6
1124 INFO: Python: 3.13.5
1132 INFO: Platform: Linux-4.4.0-x86_64-with-glibc2.41
1132 INFO: Python environment: /opt/pyvenv
1136 INFO: Removing temporary files and cleaning cache in /home/oai/.cache/pyinstaller
2570 INFO: Module search paths (PYTHONPATH):
['/opt/pyvenv-overrides',
 '/opt/pyvenv-libs',
 '/opt/python-hooks',
 '/usr/lib/python313.zip',
 '/usr/lib/python3.13',
 '/usr/lib/python3.13/lib-dynload',
 '/opt/pyvenv/lib/python3.13/site-packages',
 '/tmp/tmuxmind/src',
 '/tmp/tmuxfix/packaging',
 '/tmp/tmuxfix/src']
4092 INFO: Appending 'datas' from .spec
4093 INFO: checking Analysis
4093 INFO: Building Analysis because Analysis-00.toc is non existent
4093 INFO: Looking for Python shared library...
4154 INFO: Using Python shared library: /lib/x86_64-linux-gnu/libpython3.13.so.1.0
4154 INFO: Running Analysis Analysis-00.toc
4154 INFO: Target bytecode optimization level: 1
4155 INFO: Initializing module dependency graph...
4155 INFO: Initializing module graph hook caches...
4163 INFO: Analyzing modules for base_library.zip ...
8108 INFO: Processing standard module hook 'hook-heapq.py' from '/opt/pyvenv/lib/python3.13/site-packages/PyInstaller/hooks'
8704 INFO: Processing standard module hook 'hook-encodings.py' from '/opt/pyvenv/lib/python3.13/site-packages/PyInstaller/hooks'
10402 INFO: Processing standard module hook 'hook-math.py' from '/opt/pyvenv/lib/python3.13/site-packages/PyInstaller/hooks'
12731 INFO: Processing standard module hook 'hook-pickle.py' from '/opt/pyvenv/lib/python3.13/site-packages/PyInstaller/hooks'
14640 INFO: Caching module dependency graph...
14698 INFO: Analyzing /tmp/tmuxfix/packaging/pyinstaller_entry.py
14733 INFO: Processing standard module hook 'hook-pydantic.py' from '/opt/pyvenv/lib/python3.13/site-packages/_pyinstaller_hooks_contrib/stdhooks'
16116 INFO: Processing pre-safe-import-module hook 'hook-typing_extensions.py' from '/opt/pyvenv/lib/python3.13/site-packages/PyInstaller/hooks/pre_safe_import_module'
16118 INFO: SetuptoolsInfo: initializing cached setuptools info...
